<?xml version="1.0" encoding="UTF-8"?>
<!-- Generated by org.testng.reporters.JUnitXMLReporter -->
<testsuite ignored="0" hostname="DESKTOP-6NI18F4" failures="0" tests="3" name="my hub spot test chrome" time="40.135" errors="0" timestamp="2022-01-22T18:22:09 IST">
  <testcase classname="com.MyTests.LoginTest2" name="verifyLoginPageTitleTest" time="0.049"/>
  <testcase classname="com.MyTests.LoginTest2" name="verifyLoginPageHeaderTest" time="0.045"/>
  <testcase classname="com.MyTests.LoginTest2" name="doLoginTest" time="2.021"/>
</testsuite> <!-- my hub spot test chrome -->
